<?xml version="1.0" encoding="UTF-8"?>
<!-- Generated by org.testng.reporters.JUnitReportReporter -->
<testsuite hostname="LAPTOP-77DH91A2" failures="0" tests="1" name="lCCTesting.Bromford" time="18.999" errors="0" timestamp="2021-04-30T10:00:01 BST" skipped="0">
  <testcase classname="lCCTesting.Bromford" name="launch_the_application_bramford" time="18.999"/>
  <system-out/>
</testsuite> <!-- lCCTesting.Bromford -->
