<?xml version="1.0" encoding="UTF-8"?>
<!-- Generated by org.testng.reporters.JUnitReportReporter -->
<testsuite hostname="LAPTOP-77DH91A2" failures="0" tests="1" name="lCCTesting.BramfordNews" time="14.387" errors="0" timestamp="2021-04-30T10:00:01 BST" skipped="0">
  <testcase classname="lCCTesting.BramfordNews" name="launch_the_bramford_application_website" time="14.387"/>
  <system-out/>
</testsuite> <!-- lCCTesting.BramfordNews -->
