<?xml version="1.0" encoding="UTF-8"?>
<!-- Generated by org.testng.reporters.JUnitReportReporter -->
<testsuite hostname="LAPTOP-77DH91A2" failures="0" tests="1" name="lCCTesting.OldTafford" time="19.243" errors="0" timestamp="2021-04-30T10:56:38 BST" skipped="0">
  <testcase classname="lCCTesting.OldTafford" name="launch_the_lancashirecricket_applicatin" time="19.243"/>
  <system-out/>
</testsuite> <!-- lCCTesting.OldTafford -->
