<?xml version="1.0" encoding="UTF-8"?>
<!-- Generated by org.testng.reporters.JUnitReportReporter -->
<testsuite hostname="LAPTOP-77DH91A2" failures="0" tests="1" name="lCCTesting.OldTraffordEnquire" time="19.754" errors="0" timestamp="2021-04-30T10:56:38 BST" skipped="0">
  <testcase classname="lCCTesting.OldTraffordEnquire" name="launch_the_lancashirecc_applicatin" time="19.754"/>
  <system-out/>
</testsuite> <!-- lCCTesting.OldTraffordEnquire -->
